<?xml version="1.0" encoding="UTF-8"?>
<testsuite xmlns:xsi="http://www.w3.org/2001/XMLSchema-instance" xsi:noNamespaceSchemaLocation="https://maven.apache.org/surefire/maven-surefire-plugin/xsd/surefire-test-report-3.0.xsd" version="3.0" name="com.project.controllers.UtilisateurControllerTest" time="3.581" tests="22" errors="0" skipped="0" failures="3">
  <properties>
    <property name="java.specification.version" value="17"/>
    <property name="sun.jnu.encoding" value="UTF-8"/>
    <property name="java.class.path" value="/home/ahmed/Desktop/Projects/MaterialManagement/GestionMaterielBackEnd/target/test-classes:/home/ahmed/Desktop/Projects/MaterialManagement/GestionMaterielBackEnd/target/classes:/home/ahmed/.m2/repository/org/springframework/boot/spring-boot-starter-data-jpa/3.2.1/spring-boot-starter-data-jpa-3.2.1.jar:/home/ahmed/.m2/repository/org/springframework/boot/spring-boot-starter-aop/3.2.1/spring-boot-starter-aop-3.2.1.jar:/home/ahmed/.m2/repository/org/aspectj/aspectjweaver/1.9.21/aspectjweaver-1.9.21.jar:/home/ahmed/.m2/repository/org/springframework/boot/spring-boot-starter-jdbc/3.2.1/spring-boot-starter-jdbc-3.2.1.jar:/home/ahmed/.m2/repository/com/zaxxer/HikariCP/5.0.1/HikariCP-5.0.1.jar:/home/ahmed/.m2/repository/org/springframework/spring-jdbc/6.1.2/spring-jdbc-6.1.2.jar:/home/ahmed/.m2/repository/org/hibernate/orm/hibernate-core/6.4.1.Final/hibernate-core-6.4.1.Final.jar:/home/ahmed/.m2/repository/jakarta/persistence/jakarta.persistence-api/3.1.0/jakarta.persistence-api-3.1.0.jar:/home/ahmed/.m2/repository/jakarta/transaction/jakarta.transaction-api/2.0.1/jakarta.transaction-api-2.0.1.jar:/home/ahmed/.m2/repository/org/hibernate/common/hibernate-commons-annotations/6.0.6.Final/hibernate-commons-annotations-6.0.6.Final.jar:/home/ahmed/.m2/repository/io/smallrye/jandex/3.1.2/jandex-3.1.2.jar:/home/ahmed/.m2/repository/net/bytebuddy/byte-buddy/1.14.10/byte-buddy-1.14.10.jar:/home/ahmed/.m2/repository/org/glassfish/jaxb/jaxb-runtime/4.0.4/jaxb-runtime-4.0.4.jar:/home/ahmed/.m2/repository/org/glassfish/jaxb/jaxb-core/4.0.4/jaxb-core-4.0.4.jar:/home/ahmed/.m2/repository/org/eclipse/angus/angus-activation/2.0.1/angus-activation-2.0.1.jar:/home/ahmed/.m2/repository/org/glassfish/jaxb/txw2/4.0.4/txw2-4.0.4.jar:/home/ahmed/.m2/repository/com/sun/istack/istack-commons-runtime/4.1.2/istack-commons-runtime-4.1.2.jar:/home/ahmed/.m2/repository/jakarta/inject/jakarta.inject-api/2.0.1/jakarta.inject-api-2.0.1.jar:/home/ahmed/.m2/repository/org/antlr/antlr4-runtime/4.13.0/antlr4-runtime-4.13.0.jar:/home/ahmed/.m2/repository/org/springframework/data/spring-data-jpa/3.2.1/spring-data-jpa-3.2.1.jar:/home/ahmed/.m2/repository/org/springframework/data/spring-data-commons/3.2.1/spring-data-commons-3.2.1.jar:/home/ahmed/.m2/repository/org/springframework/spring-orm/6.1.2/spring-orm-6.1.2.jar:/home/ahmed/.m2/repository/org/springframework/spring-context/6.1.2/spring-context-6.1.2.jar:/home/ahmed/.m2/repository/org/springframework/spring-tx/6.1.2/spring-tx-6.1.2.jar:/home/ahmed/.m2/repository/org/springframework/spring-beans/6.1.2/spring-beans-6.1.2.jar:/home/ahmed/.m2/repository/jakarta/annotation/jakarta.annotation-api/2.1.1/jakarta.annotation-api-2.1.1.jar:/home/ahmed/.m2/repository/org/slf4j/slf4j-api/2.0.9/slf4j-api-2.0.9.jar:/home/ahmed/.m2/repository/org/springframework/spring-aspects/6.1.2/spring-aspects-6.1.2.jar:/home/ahmed/.m2/repository/org/springframework/boot/spring-boot-starter-security/3.2.1/spring-boot-starter-security-3.2.1.jar:/home/ahmed/.m2/repository/org/springframework/boot/spring-boot-starter/3.2.1/spring-boot-starter-3.2.1.jar:/home/ahmed/.m2/repository/org/springframework/boot/spring-boot/3.2.1/spring-boot-3.2.1.jar:/home/ahmed/.m2/repository/org/springframework/boot/spring-boot-autoconfigure/3.2.1/spring-boot-autoconfigure-3.2.1.jar:/home/ahmed/.m2/repository/org/springframework/boot/spring-boot-starter-logging/3.2.1/spring-boot-starter-logging-3.2.1.jar:/home/ahmed/.m2/repository/ch/qos/logback/logback-classic/1.4.14/logback-classic-1.4.14.jar:/home/ahmed/.m2/repository/ch/qos/logback/logback-core/1.4.14/logback-core-1.4.14.jar:/home/ahmed/.m2/repository/org/apache/logging/log4j/log4j-to-slf4j/2.21.1/log4j-to-slf4j-2.21.1.jar:/home/ahmed/.m2/repository/org/apache/logging/log4j/log4j-api/2.21.1/log4j-api-2.21.1.jar:/home/ahmed/.m2/repository/org/slf4j/jul-to-slf4j/2.0.9/jul-to-slf4j-2.0.9.jar:/home/ahmed/.m2/repository/org/yaml/snakeyaml/2.2/snakeyaml-2.2.jar:/home/ahmed/.m2/repository/org/springframework/spring-aop/6.1.2/spring-aop-6.1.2.jar:/home/ahmed/.m2/repository/org/springframework/security/spring-security-config/6.2.1/spring-security-config-6.2.1.jar:/home/ahmed/.m2/repository/org/springframework/security/spring-security-core/6.2.1/spring-security-core-6.2.1.jar:/home/ahmed/.m2/repository/org/springframework/security/spring-security-crypto/6.2.1/spring-security-crypto-6.2.1.jar:/home/ahmed/.m2/repository/org/springframework/security/spring-security-web/6.2.1/spring-security-web-6.2.1.jar:/home/ahmed/.m2/repository/org/springframework/spring-expression/6.1.2/spring-expression-6.1.2.jar:/home/ahmed/.m2/repository/org/springframework/boot/spring-boot-starter-web/3.2.1/spring-boot-starter-web-3.2.1.jar:/home/ahmed/.m2/repository/org/springframework/boot/spring-boot-starter-json/3.2.1/spring-boot-starter-json-3.2.1.jar:/home/ahmed/.m2/repository/com/fasterxml/jackson/core/jackson-databind/2.15.3/jackson-databind-2.15.3.jar:/home/ahmed/.m2/repository/com/fasterxml/jackson/core/jackson-annotations/2.15.3/jackson-annotations-2.15.3.jar:/home/ahmed/.m2/repository/com/fasterxml/jackson/core/jackson-core/2.15.3/jackson-core-2.15.3.jar:/home/ahmed/.m2/repository/com/fasterxml/jackson/datatype/jackson-datatype-jdk8/2.15.3/jackson-datatype-jdk8-2.15.3.jar:/home/ahmed/.m2/repository/com/fasterxml/jackson/datatype/jackson-datatype-jsr310/2.15.3/jackson-datatype-jsr310-2.15.3.jar:/home/ahmed/.m2/repository/com/fasterxml/jackson/module/jackson-module-parameter-names/2.15.3/jackson-module-parameter-names-2.15.3.jar:/home/ahmed/.m2/repository/org/springframework/boot/spring-boot-starter-tomcat/3.2.1/spring-boot-starter-tomcat-3.2.1.jar:/home/ahmed/.m2/repository/org/apache/tomcat/embed/tomcat-embed-core/10.1.17/tomcat-embed-core-10.1.17.jar:/home/ahmed/.m2/repository/org/apache/tomcat/embed/tomcat-embed-el/10.1.17/tomcat-embed-el-10.1.17.jar:/home/ahmed/.m2/repository/org/apache/tomcat/embed/tomcat-embed-websocket/10.1.17/tomcat-embed-websocket-10.1.17.jar:/home/ahmed/.m2/repository/org/springframework/spring-web/6.1.2/spring-web-6.1.2.jar:/home/ahmed/.m2/repository/io/micrometer/micrometer-observation/1.12.1/micrometer-observation-1.12.1.jar:/home/ahmed/.m2/repository/io/micrometer/micrometer-commons/1.12.1/micrometer-commons-1.12.1.jar:/home/ahmed/.m2/repository/org/springframework/spring-webmvc/6.1.2/spring-webmvc-6.1.2.jar:/home/ahmed/.m2/repository/com/mysql/mysql-connector-j/8.1.0/mysql-connector-j-8.1.0.jar:/home/ahmed/.m2/repository/org/projectlombok/lombok/1.18.30/lombok-1.18.30.jar:/home/ahmed/.m2/repository/javax/validation/validation-api/2.0.1.Final/validation-api-2.0.1.Final.jar:/home/ahmed/.m2/repository/org/springframework/boot/spring-boot-starter-test/3.2.1/spring-boot-starter-test-3.2.1.jar:/home/ahmed/.m2/repository/org/springframework/boot/spring-boot-test/3.2.1/spring-boot-test-3.2.1.jar:/home/ahmed/.m2/repository/org/springframework/boot/spring-boot-test-autoconfigure/3.2.1/spring-boot-test-autoconfigure-3.2.1.jar:/home/ahmed/.m2/repository/com/jayway/jsonpath/json-path/2.8.0/json-path-2.8.0.jar:/home/ahmed/.m2/repository/jakarta/xml/bind/jakarta.xml.bind-api/4.0.1/jakarta.xml.bind-api-4.0.1.jar:/home/ahmed/.m2/repository/jakarta/activation/jakarta.activation-api/2.1.2/jakarta.activation-api-2.1.2.jar:/home/ahmed/.m2/repository/net/minidev/json-smart/2.5.0/json-smart-2.5.0.jar:/home/ahmed/.m2/repository/net/minidev/accessors-smart/2.5.0/accessors-smart-2.5.0.jar:/home/ahmed/.m2/repository/org/ow2/asm/asm/9.3/asm-9.3.jar:/home/ahmed/.m2/repository/org/assertj/assertj-core/3.24.2/assertj-core-3.24.2.jar:/home/ahmed/.m2/repository/org/awaitility/awaitility/4.2.0/awaitility-4.2.0.jar:/home/ahmed/.m2/repository/org/hamcrest/hamcrest/2.2/hamcrest-2.2.jar:/home/ahmed/.m2/repository/org/junit/jupiter/junit-jupiter/5.10.1/junit-jupiter-5.10.1.jar:/home/ahmed/.m2/repository/org/junit/jupiter/junit-jupiter-api/5.10.1/junit-jupiter-api-5.10.1.jar:/home/ahmed/.m2/repository/org/opentest4j/opentest4j/1.3.0/opentest4j-1.3.0.jar:/home/ahmed/.m2/repository/org/junit/platform/junit-platform-commons/1.10.1/junit-platform-commons-1.10.1.jar:/home/ahmed/.m2/repository/org/apiguardian/apiguardian-api/1.1.2/apiguardian-api-1.1.2.jar:/home/ahmed/.m2/repository/org/junit/jupiter/junit-jupiter-params/5.10.1/junit-jupiter-params-5.10.1.jar:/home/ahmed/.m2/repository/org/junit/jupiter/junit-jupiter-engine/5.10.1/junit-jupiter-engine-5.10.1.jar:/home/ahmed/.m2/repository/org/junit/platform/junit-platform-engine/1.10.1/junit-platform-engine-1.10.1.jar:/home/ahmed/.m2/repository/org/mockito/mockito-core/5.7.0/mockito-core-5.7.0.jar:/home/ahmed/.m2/repository/net/bytebuddy/byte-buddy-agent/1.14.10/byte-buddy-agent-1.14.10.jar:/home/ahmed/.m2/repository/org/objenesis/objenesis/3.3/objenesis-3.3.jar:/home/ahmed/.m2/repository/org/mockito/mockito-junit-jupiter/5.7.0/mockito-junit-jupiter-5.7.0.jar:/home/ahmed/.m2/repository/org/skyscreamer/jsonassert/1.5.1/jsonassert-1.5.1.jar:/home/ahmed/.m2/repository/com/vaadin/external/google/android-json/0.0.20131108.vaadin1/android-json-0.0.20131108.vaadin1.jar:/home/ahmed/.m2/repository/org/springframework/spring-core/6.1.2/spring-core-6.1.2.jar:/home/ahmed/.m2/repository/org/springframework/spring-jcl/6.1.2/spring-jcl-6.1.2.jar:/home/ahmed/.m2/repository/org/springframework/spring-test/6.1.2/spring-test-6.1.2.jar:/home/ahmed/.m2/repository/org/xmlunit/xmlunit-core/2.9.1/xmlunit-core-2.9.1.jar:/home/ahmed/.m2/repository/jakarta/validation/jakarta.validation-api/3.0.0/jakarta.validation-api-3.0.0.jar:/home/ahmed/.m2/repository/org/hibernate/validator/hibernate-validator/7.0.1.Final/hibernate-validator-7.0.1.Final.jar:/home/ahmed/.m2/repository/org/jboss/logging/jboss-logging/3.5.3.Final/jboss-logging-3.5.3.Final.jar:/home/ahmed/.m2/repository/com/fasterxml/classmate/1.6.0/classmate-1.6.0.jar:/home/ahmed/.m2/repository/org/hamcrest/hamcrest-all/1.3/hamcrest-all-1.3.jar:"/>
    <property name="java.vm.vendor" value="Private Build"/>
    <property name="sun.arch.data.model" value="64"/>
    <property name="java.vendor.url" value="Unknown"/>
    <property name="user.timezone" value="Europe/Paris"/>
    <property name="org.jboss.logging.provider" value="slf4j"/>
    <property name="os.name" value="Linux"/>
    <property name="java.vm.specification.version" value="17"/>
    <property name="sun.java.launcher" value="SUN_STANDARD"/>
    <property name="user.country" value="US"/>
    <property name="sun.boot.library.path" value="/usr/lib/jvm/java-17-openjdk-amd64/lib"/>
    <property name="sun.java.command" value="/home/ahmed/Desktop/Projects/MaterialManagement/GestionMaterielBackEnd/target/surefire/surefirebooter-20240211164009308_3.jar /home/ahmed/Desktop/Projects/MaterialManagement/GestionMaterielBackEnd/target/surefire 2024-02-11T16-40-09_219-jvmRun1 surefire-20240211164009308_1tmp surefire_0-20240211164009308_2tmp"/>
    <property name="jdk.debug" value="release"/>
    <property name="surefire.test.class.path" value="/home/ahmed/Desktop/Projects/MaterialManagement/GestionMaterielBackEnd/target/test-classes:/home/ahmed/Desktop/Projects/MaterialManagement/GestionMaterielBackEnd/target/classes:/home/ahmed/.m2/repository/org/springframework/boot/spring-boot-starter-data-jpa/3.2.1/spring-boot-starter-data-jpa-3.2.1.jar:/home/ahmed/.m2/repository/org/springframework/boot/spring-boot-starter-aop/3.2.1/spring-boot-starter-aop-3.2.1.jar:/home/ahmed/.m2/repository/org/aspectj/aspectjweaver/1.9.21/aspectjweaver-1.9.21.jar:/home/ahmed/.m2/repository/org/springframework/boot/spring-boot-starter-jdbc/3.2.1/spring-boot-starter-jdbc-3.2.1.jar:/home/ahmed/.m2/repository/com/zaxxer/HikariCP/5.0.1/HikariCP-5.0.1.jar:/home/ahmed/.m2/repository/org/springframework/spring-jdbc/6.1.2/spring-jdbc-6.1.2.jar:/home/ahmed/.m2/repository/org/hibernate/orm/hibernate-core/6.4.1.Final/hibernate-core-6.4.1.Final.jar:/home/ahmed/.m2/repository/jakarta/persistence/jakarta.persistence-api/3.1.0/jakarta.persistence-api-3.1.0.jar:/home/ahmed/.m2/repository/jakarta/transaction/jakarta.transaction-api/2.0.1/jakarta.transaction-api-2.0.1.jar:/home/ahmed/.m2/repository/org/hibernate/common/hibernate-commons-annotations/6.0.6.Final/hibernate-commons-annotations-6.0.6.Final.jar:/home/ahmed/.m2/repository/io/smallrye/jandex/3.1.2/jandex-3.1.2.jar:/home/ahmed/.m2/repository/net/bytebuddy/byte-buddy/1.14.10/byte-buddy-1.14.10.jar:/home/ahmed/.m2/repository/org/glassfish/jaxb/jaxb-runtime/4.0.4/jaxb-runtime-4.0.4.jar:/home/ahmed/.m2/repository/org/glassfish/jaxb/jaxb-core/4.0.4/jaxb-core-4.0.4.jar:/home/ahmed/.m2/repository/org/eclipse/angus/angus-activation/2.0.1/angus-activation-2.0.1.jar:/home/ahmed/.m2/repository/org/glassfish/jaxb/txw2/4.0.4/txw2-4.0.4.jar:/home/ahmed/.m2/repository/com/sun/istack/istack-commons-runtime/4.1.2/istack-commons-runtime-4.1.2.jar:/home/ahmed/.m2/repository/jakarta/inject/jakarta.inject-api/2.0.1/jakarta.inject-api-2.0.1.jar:/home/ahmed/.m2/repository/org/antlr/antlr4-runtime/4.13.0/antlr4-runtime-4.13.0.jar:/home/ahmed/.m2/repository/org/springframework/data/spring-data-jpa/3.2.1/spring-data-jpa-3.2.1.jar:/home/ahmed/.m2/repository/org/springframework/data/spring-data-commons/3.2.1/spring-data-commons-3.2.1.jar:/home/ahmed/.m2/repository/org/springframework/spring-orm/6.1.2/spring-orm-6.1.2.jar:/home/ahmed/.m2/repository/org/springframework/spring-context/6.1.2/spring-context-6.1.2.jar:/home/ahmed/.m2/repository/org/springframework/spring-tx/6.1.2/spring-tx-6.1.2.jar:/home/ahmed/.m2/repository/org/springframework/spring-beans/6.1.2/spring-beans-6.1.2.jar:/home/ahmed/.m2/repository/jakarta/annotation/jakarta.annotation-api/2.1.1/jakarta.annotation-api-2.1.1.jar:/home/ahmed/.m2/repository/org/slf4j/slf4j-api/2.0.9/slf4j-api-2.0.9.jar:/home/ahmed/.m2/repository/org/springframework/spring-aspects/6.1.2/spring-aspects-6.1.2.jar:/home/ahmed/.m2/repository/org/springframework/boot/spring-boot-starter-security/3.2.1/spring-boot-starter-security-3.2.1.jar:/home/ahmed/.m2/repository/org/springframework/boot/spring-boot-starter/3.2.1/spring-boot-starter-3.2.1.jar:/home/ahmed/.m2/repository/org/springframework/boot/spring-boot/3.2.1/spring-boot-3.2.1.jar:/home/ahmed/.m2/repository/org/springframework/boot/spring-boot-autoconfigure/3.2.1/spring-boot-autoconfigure-3.2.1.jar:/home/ahmed/.m2/repository/org/springframework/boot/spring-boot-starter-logging/3.2.1/spring-boot-starter-logging-3.2.1.jar:/home/ahmed/.m2/repository/ch/qos/logback/logback-classic/1.4.14/logback-classic-1.4.14.jar:/home/ahmed/.m2/repository/ch/qos/logback/logback-core/1.4.14/logback-core-1.4.14.jar:/home/ahmed/.m2/repository/org/apache/logging/log4j/log4j-to-slf4j/2.21.1/log4j-to-slf4j-2.21.1.jar:/home/ahmed/.m2/repository/org/apache/logging/log4j/log4j-api/2.21.1/log4j-api-2.21.1.jar:/home/ahmed/.m2/repository/org/slf4j/jul-to-slf4j/2.0.9/jul-to-slf4j-2.0.9.jar:/home/ahmed/.m2/repository/org/yaml/snakeyaml/2.2/snakeyaml-2.2.jar:/home/ahmed/.m2/repository/org/springframework/spring-aop/6.1.2/spring-aop-6.1.2.jar:/home/ahmed/.m2/repository/org/springframework/security/spring-security-config/6.2.1/spring-security-config-6.2.1.jar:/home/ahmed/.m2/repository/org/springframework/security/spring-security-core/6.2.1/spring-security-core-6.2.1.jar:/home/ahmed/.m2/repository/org/springframework/security/spring-security-crypto/6.2.1/spring-security-crypto-6.2.1.jar:/home/ahmed/.m2/repository/org/springframework/security/spring-security-web/6.2.1/spring-security-web-6.2.1.jar:/home/ahmed/.m2/repository/org/springframework/spring-expression/6.1.2/spring-expression-6.1.2.jar:/home/ahmed/.m2/repository/org/springframework/boot/spring-boot-starter-web/3.2.1/spring-boot-starter-web-3.2.1.jar:/home/ahmed/.m2/repository/org/springframework/boot/spring-boot-starter-json/3.2.1/spring-boot-starter-json-3.2.1.jar:/home/ahmed/.m2/repository/com/fasterxml/jackson/core/jackson-databind/2.15.3/jackson-databind-2.15.3.jar:/home/ahmed/.m2/repository/com/fasterxml/jackson/core/jackson-annotations/2.15.3/jackson-annotations-2.15.3.jar:/home/ahmed/.m2/repository/com/fasterxml/jackson/core/jackson-core/2.15.3/jackson-core-2.15.3.jar:/home/ahmed/.m2/repository/com/fasterxml/jackson/datatype/jackson-datatype-jdk8/2.15.3/jackson-datatype-jdk8-2.15.3.jar:/home/ahmed/.m2/repository/com/fasterxml/jackson/datatype/jackson-datatype-jsr310/2.15.3/jackson-datatype-jsr310-2.15.3.jar:/home/ahmed/.m2/repository/com/fasterxml/jackson/module/jackson-module-parameter-names/2.15.3/jackson-module-parameter-names-2.15.3.jar:/home/ahmed/.m2/repository/org/springframework/boot/spring-boot-starter-tomcat/3.2.1/spring-boot-starter-tomcat-3.2.1.jar:/home/ahmed/.m2/repository/org/apache/tomcat/embed/tomcat-embed-core/10.1.17/tomcat-embed-core-10.1.17.jar:/home/ahmed/.m2/repository/org/apache/tomcat/embed/tomcat-embed-el/10.1.17/tomcat-embed-el-10.1.17.jar:/home/ahmed/.m2/repository/org/apache/tomcat/embed/tomcat-embed-websocket/10.1.17/tomcat-embed-websocket-10.1.17.jar:/home/ahmed/.m2/repository/org/springframework/spring-web/6.1.2/spring-web-6.1.2.jar:/home/ahmed/.m2/repository/io/micrometer/micrometer-observation/1.12.1/micrometer-observation-1.12.1.jar:/home/ahmed/.m2/repository/io/micrometer/micrometer-commons/1.12.1/micrometer-commons-1.12.1.jar:/home/ahmed/.m2/repository/org/springframework/spring-webmvc/6.1.2/spring-webmvc-6.1.2.jar:/home/ahmed/.m2/repository/com/mysql/mysql-connector-j/8.1.0/mysql-connector-j-8.1.0.jar:/home/ahmed/.m2/repository/org/projectlombok/lombok/1.18.30/lombok-1.18.30.jar:/home/ahmed/.m2/repository/javax/validation/validation-api/2.0.1.Final/validation-api-2.0.1.Final.jar:/home/ahmed/.m2/repository/org/springframework/boot/spring-boot-starter-test/3.2.1/spring-boot-starter-test-3.2.1.jar:/home/ahmed/.m2/repository/org/springframework/boot/spring-boot-test/3.2.1/spring-boot-test-3.2.1.jar:/home/ahmed/.m2/repository/org/springframework/boot/spring-boot-test-autoconfigure/3.2.1/spring-boot-test-autoconfigure-3.2.1.jar:/home/ahmed/.m2/repository/com/jayway/jsonpath/json-path/2.8.0/json-path-2.8.0.jar:/home/ahmed/.m2/repository/jakarta/xml/bind/jakarta.xml.bind-api/4.0.1/jakarta.xml.bind-api-4.0.1.jar:/home/ahmed/.m2/repository/jakarta/activation/jakarta.activation-api/2.1.2/jakarta.activation-api-2.1.2.jar:/home/ahmed/.m2/repository/net/minidev/json-smart/2.5.0/json-smart-2.5.0.jar:/home/ahmed/.m2/repository/net/minidev/accessors-smart/2.5.0/accessors-smart-2.5.0.jar:/home/ahmed/.m2/repository/org/ow2/asm/asm/9.3/asm-9.3.jar:/home/ahmed/.m2/repository/org/assertj/assertj-core/3.24.2/assertj-core-3.24.2.jar:/home/ahmed/.m2/repository/org/awaitility/awaitility/4.2.0/awaitility-4.2.0.jar:/home/ahmed/.m2/repository/org/hamcrest/hamcrest/2.2/hamcrest-2.2.jar:/home/ahmed/.m2/repository/org/junit/jupiter/junit-jupiter/5.10.1/junit-jupiter-5.10.1.jar:/home/ahmed/.m2/repository/org/junit/jupiter/junit-jupiter-api/5.10.1/junit-jupiter-api-5.10.1.jar:/home/ahmed/.m2/repository/org/opentest4j/opentest4j/1.3.0/opentest4j-1.3.0.jar:/home/ahmed/.m2/repository/org/junit/platform/junit-platform-commons/1.10.1/junit-platform-commons-1.10.1.jar:/home/ahmed/.m2/repository/org/apiguardian/apiguardian-api/1.1.2/apiguardian-api-1.1.2.jar:/home/ahmed/.m2/repository/org/junit/jupiter/junit-jupiter-params/5.10.1/junit-jupiter-params-5.10.1.jar:/home/ahmed/.m2/repository/org/junit/jupiter/junit-jupiter-engine/5.10.1/junit-jupiter-engine-5.10.1.jar:/home/ahmed/.m2/repository/org/junit/platform/junit-platform-engine/1.10.1/junit-platform-engine-1.10.1.jar:/home/ahmed/.m2/repository/org/mockito/mockito-core/5.7.0/mockito-core-5.7.0.jar:/home/ahmed/.m2/repository/net/bytebuddy/byte-buddy-agent/1.14.10/byte-buddy-agent-1.14.10.jar:/home/ahmed/.m2/repository/org/objenesis/objenesis/3.3/objenesis-3.3.jar:/home/ahmed/.m2/repository/org/mockito/mockito-junit-jupiter/5.7.0/mockito-junit-jupiter-5.7.0.jar:/home/ahmed/.m2/repository/org/skyscreamer/jsonassert/1.5.1/jsonassert-1.5.1.jar:/home/ahmed/.m2/repository/com/vaadin/external/google/android-json/0.0.20131108.vaadin1/android-json-0.0.20131108.vaadin1.jar:/home/ahmed/.m2/repository/org/springframework/spring-core/6.1.2/spring-core-6.1.2.jar:/home/ahmed/.m2/repository/org/springframework/spring-jcl/6.1.2/spring-jcl-6.1.2.jar:/home/ahmed/.m2/repository/org/springframework/spring-test/6.1.2/spring-test-6.1.2.jar:/home/ahmed/.m2/repository/org/xmlunit/xmlunit-core/2.9.1/xmlunit-core-2.9.1.jar:/home/ahmed/.m2/repository/jakarta/validation/jakarta.validation-api/3.0.0/jakarta.validation-api-3.0.0.jar:/home/ahmed/.m2/repository/org/hibernate/validator/hibernate-validator/7.0.1.Final/hibernate-validator-7.0.1.Final.jar:/home/ahmed/.m2/repository/org/jboss/logging/jboss-logging/3.5.3.Final/jboss-logging-3.5.3.Final.jar:/home/ahmed/.m2/repository/com/fasterxml/classmate/1.6.0/classmate-1.6.0.jar:/home/ahmed/.m2/repository/org/hamcrest/hamcrest-all/1.3/hamcrest-all-1.3.jar:"/>
    <property name="sun.cpu.endian" value="little"/>
    <property name="user.home" value="/home/ahmed"/>
    <property name="user.language" value="en"/>
    <property name="java.specification.vendor" value="Oracle Corporation"/>
    <property name="java.version.date" value="2023-10-17"/>
    <property name="java.home" value="/usr/lib/jvm/java-17-openjdk-amd64"/>
    <property name="file.separator" value="/"/>
    <property name="basedir" value="/home/ahmed/Desktop/Projects/MaterialManagement/GestionMaterielBackEnd"/>
    <property name="java.vm.compressedOopsMode" value="Zero based"/>
    <property name="line.separator" value="&#10;"/>
    <property name="java.specification.name" value="Java Platform API Specification"/>
    <property name="java.vm.specification.vendor" value="Oracle Corporation"/>
    <property name="FILE_LOG_CHARSET" value="UTF-8"/>
    <property name="java.awt.headless" value="true"/>
    <property name="surefire.real.class.path" value="/home/ahmed/Desktop/Projects/MaterialManagement/GestionMaterielBackEnd/target/surefire/surefirebooter-20240211164009308_3.jar"/>
    <property name="sun.management.compiler" value="HotSpot 64-Bit Tiered Compilers"/>
    <property name="java.runtime.version" value="17.0.9+9-Ubuntu-122.04"/>
    <property name="user.name" value="ahmed"/>
    <property name="path.separator" value=":"/>
    <property name="os.version" value="6.5.0-17-generic"/>
    <property name="java.runtime.name" value="OpenJDK Runtime Environment"/>
    <property name="file.encoding" value="UTF-8"/>
    <property name="java.vm.name" value="OpenJDK 64-Bit Server VM"/>
    <property name="localRepository" value="/home/ahmed/.m2/repository"/>
    <property name="java.vendor.url.bug" value="Unknown"/>
    <property name="java.io.tmpdir" value="/tmp"/>
    <property name="java.version" value="17.0.9"/>
    <property name="user.dir" value="/home/ahmed/Desktop/Projects/MaterialManagement/GestionMaterielBackEnd"/>
    <property name="os.arch" value="amd64"/>
    <property name="java.vm.specification.name" value="Java Virtual Machine Specification"/>
    <property name="PID" value="871023"/>
    <property name="CONSOLE_LOG_CHARSET" value="UTF-8"/>
    <property name="native.encoding" value="UTF-8"/>
    <property name="java.library.path" value="/usr/java/packages/lib:/usr/lib/x86_64-linux-gnu/jni:/lib/x86_64-linux-gnu:/usr/lib/x86_64-linux-gnu:/usr/lib/jni:/lib:/usr/lib"/>
    <property name="java.vm.info" value="mixed mode, sharing"/>
    <property name="java.vendor" value="Private Build"/>
    <property name="java.vm.version" value="17.0.9+9-Ubuntu-122.04"/>
    <property name="sun.io.unicode.encoding" value="UnicodeLittle"/>
    <property name="java.class.version" value="61.0"/>
  </properties>
  <testcase name="login_WithValidCredentials_ShouldReturnUser" classname="com.project.controllers.UtilisateurControllerTest" time="0.257">
    <system-out><![CDATA[16:40:10.171 [main] INFO org.springframework.test.context.support.AnnotationConfigContextLoaderUtils -- Could not detect default configuration classes for test class [com.project.controllers.UtilisateurControllerTest]: UtilisateurControllerTest does not declare any static, non-private, non-final, nested classes annotated with @Configuration.
16:40:10.295 [main] INFO org.springframework.boot.test.context.SpringBootTestContextBootstrapper -- Found @SpringBootConfiguration com.project.GestionMaterielBackEndApplication for test class com.project.controllers.UtilisateurControllerTest

  .   ____          _            __ _ _
 /\\ / ___'_ __ _ _(_)_ __  __ _ \ \ \ \
( ( )\___ | '_ | '_| | '_ \/ _` | \ \ \ \
 \\/  ___)| |_)| | | | | || (_| |  ) ) ) )
  '  |____| .__|_| |_|_| |_\__, | / / / /
 =========|_|==============|___/=/_/_/_/
 :: Spring Boot ::                (v3.2.1)

2024-02-11T16:40:10.607+01:00  INFO 871023 --- [           main] c.p.c.UtilisateurControllerTest          : Starting UtilisateurControllerTest using Java 17.0.9 with PID 871023 (started by ahmed in /home/ahmed/Desktop/Projects/MaterialManagement/GestionMaterielBackEnd)
2024-02-11T16:40:10.608+01:00  INFO 871023 --- [           main] c.p.c.UtilisateurControllerTest          : No active profile set, falling back to 1 default profile: "default"
2024-02-11T16:40:12.663+01:00  WARN 871023 --- [           main] .s.s.UserDetailsServiceAutoConfiguration : 

Using generated security password: 7e5acf51-6773-4e48-9a9d-007f8fe45ce3

This generated password is for development use only. Your security configuration must be updated before running your application in production.

2024-02-11T16:40:12.777+01:00  INFO 871023 --- [           main] o.s.s.web.DefaultSecurityFilterChain     : Will secure any request with [org.springframework.security.web.session.DisableEncodeUrlFilter@55fb36de, org.springframework.security.web.context.request.async.WebAsyncManagerIntegrationFilter@63a7781, org.springframework.security.web.context.SecurityContextHolderFilter@3dfe92ef, org.springframework.security.web.header.HeaderWriterFilter@5238896f, org.springframework.web.filter.CorsFilter@73b74615, org.springframework.security.web.csrf.CsrfFilter@349312d5, org.springframework.security.web.authentication.logout.LogoutFilter@4f8659d0, org.springframework.security.web.authentication.UsernamePasswordAuthenticationFilter@731db93f, org.springframework.security.web.authentication.ui.DefaultLoginPageGeneratingFilter@22ca1242, org.springframework.security.web.authentication.ui.DefaultLogoutPageGeneratingFilter@22686ddb, org.springframework.security.web.authentication.www.BasicAuthenticationFilter@7530090a, org.springframework.security.web.savedrequest.RequestCacheAwareFilter@1d2def55, org.springframework.security.web.servletapi.SecurityContextHolderAwareRequestFilter@274bae2c, org.springframework.security.web.authentication.AnonymousAuthenticationFilter@2e29f28e, org.springframework.security.web.access.ExceptionTranslationFilter@3611153f, org.springframework.security.web.access.intercept.AuthorizationFilter@43c0c13a]
2024-02-11T16:40:12.834+01:00  INFO 871023 --- [           main] o.s.b.t.m.w.SpringBootMockServletContext : Initializing Spring TestDispatcherServlet ''
2024-02-11T16:40:12.835+01:00  INFO 871023 --- [           main] o.s.t.web.servlet.TestDispatcherServlet  : Initializing Servlet ''
2024-02-11T16:40:12.837+01:00  INFO 871023 --- [           main] o.s.t.web.servlet.TestDispatcherServlet  : Completed initialization in 2 ms
2024-02-11T16:40:12.860+01:00  INFO 871023 --- [           main] c.p.c.UtilisateurControllerTest          : Started UtilisateurControllerTest in 2.509 seconds (process running for 3.493)

MockHttpServletRequest:
      HTTP Method = POST
      Request URI = /api/login
       Parameters = {}
          Headers = [Content-Type:"application/json", Content-Length:"56"]
             Body = <no character encoding set>
    Session Attrs = {}

Handler:
             Type = com.project.controllers.UtilisateurController
           Method = com.project.controllers.UtilisateurController#login(LoginRequest)

Async:
    Async started = false
     Async result = null

Resolved Exception:
             Type = null

ModelAndView:
        View name = null
             View = null
            Model = null

FlashMap:
       Attributes = null

MockHttpServletResponse:
           Status = 200
    Error message = null
          Headers = [Vary:"Origin", "Access-Control-Request-Method", "Access-Control-Request-Headers", Content-Type:"application/json"]
     Content type = application/json
             Body = {"id":null,"nom":"ValidUser","prenom":"LastName","email":"valid.user@example.com","role":0}
    Forwarded URL = null
   Redirected URL = null
          Cookies = []
]]></system-out>
  </testcase>
  <testcase name="updateUtilisateur_WhenNotFound_ShouldReturnNotFound" classname="com.project.controllers.UtilisateurControllerTest" time="0.135">
    <failure message="Status expected:&lt;404&gt; but was:&lt;400&gt;" type="java.lang.AssertionError"><![CDATA[java.lang.AssertionError: Status expected:<404> but was:<400>
	at org.springframework.test.util.AssertionErrors.fail(AssertionErrors.java:59)
	at org.springframework.test.util.AssertionErrors.assertEquals(AssertionErrors.java:122)
	at org.springframework.test.web.servlet.result.StatusResultMatchers.lambda$matcher$9(StatusResultMatchers.java:637)
	at org.springframework.test.web.servlet.MockMvc$1.andExpect(MockMvc.java:214)
	at com.project.controllers.UtilisateurControllerTest.updateUtilisateur_WhenNotFound_ShouldReturnNotFound(UtilisateurControllerTest.java:194)
	at java.base/java.lang.reflect.Method.invoke(Method.java:568)
	at java.base/java.util.ArrayList.forEach(ArrayList.java:1511)
	at java.base/java.util.ArrayList.forEach(ArrayList.java:1511)
]]></failure>
    <system-out><![CDATA[2024-02-11T16:40:13.257+01:00  WARN 871023 --- [           main] .w.s.m.s.DefaultHandlerExceptionResolver : Resolved [org.springframework.web.bind.MethodArgumentNotValidException: Validation failed for argument [1] in public org.springframework.http.ResponseEntity<com.project.entities.Utilisateur> com.project.controllers.UtilisateurController.updateUtilisateur(long,com.project.entities.Utilisateur): [Field error in object 'utilisateur' on field 'password': rejected value [null]; codes [NotNull.utilisateur.password,NotNull.password,NotNull.java.lang.String,NotNull]; arguments [org.springframework.context.support.DefaultMessageSourceResolvable: codes [utilisateur.password,password]; arguments []; default message [password]]; default message [Le mot de passe doit pas est null]] ]

MockHttpServletRequest:
      HTTP Method = PUT
      Request URI = /api/utilisateurs/1
       Parameters = {}
          Headers = [Content-Type:"application/json", Content-Length:"98"]
             Body = <no character encoding set>
    Session Attrs = {}

Handler:
             Type = com.project.controllers.UtilisateurController
           Method = com.project.controllers.UtilisateurController#updateUtilisateur(long, Utilisateur)

Async:
    Async started = false
     Async result = null

Resolved Exception:
             Type = org.springframework.web.bind.MethodArgumentNotValidException

ModelAndView:
        View name = null
             View = null
            Model = null

FlashMap:
       Attributes = null

MockHttpServletResponse:
           Status = 400
    Error message = Invalid request content.
          Headers = [Vary:"Origin", "Access-Control-Request-Method", "Access-Control-Request-Headers"]
     Content type = null
             Body = 
    Forwarded URL = null
   Redirected URL = null
          Cookies = []
]]></system-out>
  </testcase>
  <testcase name="supprimerUtilisateur_WhenNotFound_ShouldReturnNotFound" classname="com.project.controllers.UtilisateurControllerTest" time="0.028"/>
  <testcase name="updateUtilisateur_WhenServerError_ShouldReturnInternalServerError" classname="com.project.controllers.UtilisateurControllerTest" time="0.022">
    <failure message="Status expected:&lt;500&gt; but was:&lt;400&gt;" type="java.lang.AssertionError"><![CDATA[java.lang.AssertionError: Status expected:<500> but was:<400>
	at org.springframework.test.util.AssertionErrors.fail(AssertionErrors.java:59)
	at org.springframework.test.util.AssertionErrors.assertEquals(AssertionErrors.java:122)
	at org.springframework.test.web.servlet.result.StatusResultMatchers.lambda$matcher$9(StatusResultMatchers.java:637)
	at org.springframework.test.web.servlet.MockMvc$1.andExpect(MockMvc.java:214)
	at com.project.controllers.UtilisateurControllerTest.updateUtilisateur_WhenServerError_ShouldReturnInternalServerError(UtilisateurControllerTest.java:218)
	at java.base/java.lang.reflect.Method.invoke(Method.java:568)
	at java.base/java.util.ArrayList.forEach(ArrayList.java:1511)
	at java.base/java.util.ArrayList.forEach(ArrayList.java:1511)
]]></failure>
    <system-out><![CDATA[2024-02-11T16:40:13.317+01:00  WARN 871023 --- [           main] .w.s.m.s.DefaultHandlerExceptionResolver : Resolved [org.springframework.web.bind.MethodArgumentNotValidException: Validation failed for argument [1] in public org.springframework.http.ResponseEntity<com.project.entities.Utilisateur> com.project.controllers.UtilisateurController.updateUtilisateur(long,com.project.entities.Utilisateur): [Field error in object 'utilisateur' on field 'password': rejected value [null]; codes [NotNull.utilisateur.password,NotNull.password,NotNull.java.lang.String,NotNull]; arguments [org.springframework.context.support.DefaultMessageSourceResolvable: codes [utilisateur.password,password]; arguments []; default message [password]]; default message [Le mot de passe doit pas est null]] ]

MockHttpServletRequest:
      HTTP Method = PUT
      Request URI = /api/utilisateurs/1
       Parameters = {}
          Headers = [Content-Type:"application/json", Content-Length:"86"]
             Body = <no character encoding set>
    Session Attrs = {}

Handler:
             Type = com.project.controllers.UtilisateurController
           Method = com.project.controllers.UtilisateurController#updateUtilisateur(long, Utilisateur)

Async:
    Async started = false
     Async result = null

Resolved Exception:
             Type = org.springframework.web.bind.MethodArgumentNotValidException

ModelAndView:
        View name = null
             View = null
            Model = null

FlashMap:
       Attributes = null

MockHttpServletResponse:
           Status = 400
    Error message = Invalid request content.
          Headers = [Vary:"Origin", "Access-Control-Request-Method", "Access-Control-Request-Headers"]
     Content type = null
             Body = 
    Forwarded URL = null
   Redirected URL = null
          Cookies = []
]]></system-out>
  </testcase>
  <testcase name="updateUtilisateur_WhenInvalidData_ShouldReturnBadRequest" classname="com.project.controllers.UtilisateurControllerTest" time="0.014">
    <system-out><![CDATA[2024-02-11T16:40:13.338+01:00  WARN 871023 --- [           main] .w.s.m.s.DefaultHandlerExceptionResolver : Resolved [org.springframework.web.bind.MethodArgumentNotValidException: Validation failed for argument [1] in public org.springframework.http.ResponseEntity<com.project.entities.Utilisateur> com.project.controllers.UtilisateurController.updateUtilisateur(long,com.project.entities.Utilisateur) with 3 errors: [Field error in object 'utilisateur' on field 'password': rejected value [null]; codes [NotNull.utilisateur.password,NotNull.password,NotNull.java.lang.String,NotNull]; arguments [org.springframework.context.support.DefaultMessageSourceResolvable: codes [utilisateur.password,password]; arguments []; default message [password]]; default message [Le mot de passe doit pas est null]] [Field error in object 'utilisateur' on field 'prenom': rejected value []; codes [Size.utilisateur.prenom,Size.prenom,Size.java.lang.String,Size]; arguments [org.springframework.context.support.DefaultMessageSourceResolvable: codes [utilisateur.prenom,prenom]; arguments []; default message [prenom],2147483647,2]; default message [Le prénom doit contenir au moins 2 caractères]] [Field error in object 'utilisateur' on field 'nom': rejected value []; codes [Size.utilisateur.nom,Size.nom,Size.java.lang.String,Size]; arguments [org.springframework.context.support.DefaultMessageSourceResolvable: codes [utilisateur.nom,nom]; arguments []; default message [nom],2147483647,2]; default message [Le nom doit contenir au moins 2 caractères]] ]
]]></system-out>
  </testcase>
  <testcase name="getAllUtilisateurs_WhenServerError_ShouldReturnInternalServerError" classname="com.project.controllers.UtilisateurControllerTest" time="0.012"/>
  <testcase name="getUtilisateurById_WhenServerError_ShouldReturnInternalServerError" classname="com.project.controllers.UtilisateurControllerTest" time="0.007"/>
  <testcase name="getAllUtilisateurs_WhenUsersExist_ShouldReturnUsers" classname="com.project.controllers.UtilisateurControllerTest" time="0.012"/>
  <testcase name="getAllUtilisateursPagination_WhenUsersExist_ShouldReturnPaginatedUsers" classname="com.project.controllers.UtilisateurControllerTest" time="0.016"/>
  <testcase name="getUtilisateurById_WhenNotFound_ShouldReturnNotFound" classname="com.project.controllers.UtilisateurControllerTest" time="0.007"/>
  <testcase name="getUtilisateurById_WhenFound_ShouldReturnUtilisateur" classname="com.project.controllers.UtilisateurControllerTest" time="0.009"/>
  <testcase name="login_WithInvalidCredentials_ShouldReturnUnauthorized" classname="com.project.controllers.UtilisateurControllerTest" time="0.014"/>
  <testcase name="getAllUtilisateurs_WhenNoUsers_ShouldReturnNoContent" classname="com.project.controllers.UtilisateurControllerTest" time="0.004"/>
  <testcase name="getAllUtilisateursPagination_WhenServerError_ShouldReturnInternalServerError" classname="com.project.controllers.UtilisateurControllerTest" time="0.006"/>
  <testcase name="supprimerUtilisateur_WhenFound_ShouldReturnNoContent" classname="com.project.controllers.UtilisateurControllerTest" time="0.008"/>
  <testcase name="createUtilisateur_WhenInvalidData_ShouldReturnBadRequest" classname="com.project.controllers.UtilisateurControllerTest" time="0.012"/>
  <testcase name="updateUtilisateur_WhenFound_ShouldUpdateUser" classname="com.project.controllers.UtilisateurControllerTest" time="0.01">
    <failure message="Status expected:&lt;200&gt; but was:&lt;400&gt;" type="java.lang.AssertionError"><![CDATA[java.lang.AssertionError: Status expected:<200> but was:<400>
	at org.springframework.test.util.AssertionErrors.fail(AssertionErrors.java:59)
	at org.springframework.test.util.AssertionErrors.assertEquals(AssertionErrors.java:122)
	at org.springframework.test.web.servlet.result.StatusResultMatchers.lambda$matcher$9(StatusResultMatchers.java:637)
	at org.springframework.test.web.servlet.MockMvc$1.andExpect(MockMvc.java:214)
	at com.project.controllers.UtilisateurControllerTest.updateUtilisateur_WhenFound_ShouldUpdateUser(UtilisateurControllerTest.java:177)
	at java.base/java.lang.reflect.Method.invoke(Method.java:568)
	at java.base/java.util.ArrayList.forEach(ArrayList.java:1511)
	at java.base/java.util.ArrayList.forEach(ArrayList.java:1511)
]]></failure>
    <system-out><![CDATA[2024-02-11T16:40:13.487+01:00  WARN 871023 --- [           main] .w.s.m.s.DefaultHandlerExceptionResolver : Resolved [org.springframework.web.bind.MethodArgumentNotValidException: Validation failed for argument [1] in public org.springframework.http.ResponseEntity<com.project.entities.Utilisateur> com.project.controllers.UtilisateurController.updateUtilisateur(long,com.project.entities.Utilisateur): [Field error in object 'utilisateur' on field 'password': rejected value [null]; codes [NotNull.utilisateur.password,NotNull.password,NotNull.java.lang.String,NotNull]; arguments [org.springframework.context.support.DefaultMessageSourceResolvable: codes [utilisateur.password,password]; arguments []; default message [password]]; default message [Le mot de passe doit pas est null]] ]

MockHttpServletRequest:
      HTTP Method = PUT
      Request URI = /api/utilisateurs/1
       Parameters = {}
          Headers = [Content-Type:"application/json", Content-Length:"83"]
             Body = <no character encoding set>
    Session Attrs = {}

Handler:
             Type = com.project.controllers.UtilisateurController
           Method = com.project.controllers.UtilisateurController#updateUtilisateur(long, Utilisateur)

Async:
    Async started = false
     Async result = null

Resolved Exception:
             Type = org.springframework.web.bind.MethodArgumentNotValidException

ModelAndView:
        View name = null
             View = null
            Model = null

FlashMap:
       Attributes = null

MockHttpServletResponse:
           Status = 400
    Error message = Invalid request content.
          Headers = [Vary:"Origin", "Access-Control-Request-Method", "Access-Control-Request-Headers"]
     Content type = null
             Body = 
    Forwarded URL = null
   Redirected URL = null
          Cookies = []
]]></system-out>
  </testcase>
  <testcase name="createUtilisateur_WhenServerError_ShouldReturnInternalServerError" classname="com.project.controllers.UtilisateurControllerTest" time="0.009"/>
  <testcase name="login_WithServerError_ShouldReturnInternalServerError" classname="com.project.controllers.UtilisateurControllerTest" time="0.009"/>
  <testcase name="getAllUtilisateursPagination_WhenNoUsers_ShouldReturnNoContent" classname="com.project.controllers.UtilisateurControllerTest" time="0.005"/>
  <testcase name="supprimerUtilisateur_WhenServerError_ShouldReturnInternalServerError" classname="com.project.controllers.UtilisateurControllerTest" time="0.009"/>
  <testcase name="createUtilisateur_WhenValidData_ShouldCreateUser" classname="com.project.controllers.UtilisateurControllerTest" time="0.014"/>
</testsuite>