<?xml version="1.0" encoding="UTF-8"?>
<testsuite xmlns:xsi="http://www.w3.org/2001/XMLSchema-instance" xsi:noNamespaceSchemaLocation="https://maven.apache.org/surefire/maven-surefire-plugin/xsd/surefire-test-report-3.0.xsd" version="3.0" name="com.project.controllers.MaterielControllerTest" time="3.233" tests="13" errors="0" skipped="0" failures="0">
  <properties>
    <property name="java.specification.version" value="17"/>
    <property name="sun.jnu.encoding" value="UTF-8"/>
    <property name="java.class.path" value="/home/ahmed/Desktop/Projects/MaterialManagement/GestionMaterielBackEnd/target/test-classes:/home/ahmed/Desktop/Projects/MaterialManagement/GestionMaterielBackEnd/target/classes:/home/ahmed/.m2/repository/org/springframework/boot/spring-boot-starter-data-jpa/3.2.1/spring-boot-starter-data-jpa-3.2.1.jar:/home/ahmed/.m2/repository/org/springframework/boot/spring-boot-starter-aop/3.2.1/spring-boot-starter-aop-3.2.1.jar:/home/ahmed/.m2/repository/org/aspectj/aspectjweaver/1.9.21/aspectjweaver-1.9.21.jar:/home/ahmed/.m2/repository/org/springframework/boot/spring-boot-starter-jdbc/3.2.1/spring-boot-starter-jdbc-3.2.1.jar:/home/ahmed/.m2/repository/com/zaxxer/HikariCP/5.0.1/HikariCP-5.0.1.jar:/home/ahmed/.m2/repository/org/springframework/spring-jdbc/6.1.2/spring-jdbc-6.1.2.jar:/home/ahmed/.m2/repository/org/hibernate/orm/hibernate-core/6.4.1.Final/hibernate-core-6.4.1.Final.jar:/home/ahmed/.m2/repository/jakarta/persistence/jakarta.persistence-api/3.1.0/jakarta.persistence-api-3.1.0.jar:/home/ahmed/.m2/repository/jakarta/transaction/jakarta.transaction-api/2.0.1/jakarta.transaction-api-2.0.1.jar:/home/ahmed/.m2/repository/org/hibernate/common/hibernate-commons-annotations/6.0.6.Final/hibernate-commons-annotations-6.0.6.Final.jar:/home/ahmed/.m2/repository/io/smallrye/jandex/3.1.2/jandex-3.1.2.jar:/home/ahmed/.m2/repository/net/bytebuddy/byte-buddy/1.14.10/byte-buddy-1.14.10.jar:/home/ahmed/.m2/repository/org/glassfish/jaxb/jaxb-runtime/4.0.4/jaxb-runtime-4.0.4.jar:/home/ahmed/.m2/repository/org/glassfish/jaxb/jaxb-core/4.0.4/jaxb-core-4.0.4.jar:/home/ahmed/.m2/repository/org/eclipse/angus/angus-activation/2.0.1/angus-activation-2.0.1.jar:/home/ahmed/.m2/repository/org/glassfish/jaxb/txw2/4.0.4/txw2-4.0.4.jar:/home/ahmed/.m2/repository/com/sun/istack/istack-commons-runtime/4.1.2/istack-commons-runtime-4.1.2.jar:/home/ahmed/.m2/repository/jakarta/inject/jakarta.inject-api/2.0.1/jakarta.inject-api-2.0.1.jar:/home/ahmed/.m2/repository/org/antlr/antlr4-runtime/4.13.0/antlr4-runtime-4.13.0.jar:/home/ahmed/.m2/repository/org/springframework/data/spring-data-jpa/3.2.1/spring-data-jpa-3.2.1.jar:/home/ahmed/.m2/repository/org/springframework/data/spring-data-commons/3.2.1/spring-data-commons-3.2.1.jar:/home/ahmed/.m2/repository/org/springframework/spring-orm/6.1.2/spring-orm-6.1.2.jar:/home/ahmed/.m2/repository/org/springframework/spring-context/6.1.2/spring-context-6.1.2.jar:/home/ahmed/.m2/repository/org/springframework/spring-tx/6.1.2/spring-tx-6.1.2.jar:/home/ahmed/.m2/repository/org/springframework/spring-beans/6.1.2/spring-beans-6.1.2.jar:/home/ahmed/.m2/repository/jakarta/annotation/jakarta.annotation-api/2.1.1/jakarta.annotation-api-2.1.1.jar:/home/ahmed/.m2/repository/org/slf4j/slf4j-api/2.0.9/slf4j-api-2.0.9.jar:/home/ahmed/.m2/repository/org/springframework/spring-aspects/6.1.2/spring-aspects-6.1.2.jar:/home/ahmed/.m2/repository/org/springframework/boot/spring-boot-starter-security/3.2.1/spring-boot-starter-security-3.2.1.jar:/home/ahmed/.m2/repository/org/springframework/boot/spring-boot-starter/3.2.1/spring-boot-starter-3.2.1.jar:/home/ahmed/.m2/repository/org/springframework/boot/spring-boot/3.2.1/spring-boot-3.2.1.jar:/home/ahmed/.m2/repository/org/springframework/boot/spring-boot-autoconfigure/3.2.1/spring-boot-autoconfigure-3.2.1.jar:/home/ahmed/.m2/repository/org/springframework/boot/spring-boot-starter-logging/3.2.1/spring-boot-starter-logging-3.2.1.jar:/home/ahmed/.m2/repository/ch/qos/logback/logback-classic/1.4.14/logback-classic-1.4.14.jar:/home/ahmed/.m2/repository/ch/qos/logback/logback-core/1.4.14/logback-core-1.4.14.jar:/home/ahmed/.m2/repository/org/apache/logging/log4j/log4j-to-slf4j/2.21.1/log4j-to-slf4j-2.21.1.jar:/home/ahmed/.m2/repository/org/apache/logging/log4j/log4j-api/2.21.1/log4j-api-2.21.1.jar:/home/ahmed/.m2/repository/org/slf4j/jul-to-slf4j/2.0.9/jul-to-slf4j-2.0.9.jar:/home/ahmed/.m2/repository/org/yaml/snakeyaml/2.2/snakeyaml-2.2.jar:/home/ahmed/.m2/repository/org/springframework/spring-aop/6.1.2/spring-aop-6.1.2.jar:/home/ahmed/.m2/repository/org/springframework/security/spring-security-config/6.2.1/spring-security-config-6.2.1.jar:/home/ahmed/.m2/repository/org/springframework/security/spring-security-core/6.2.1/spring-security-core-6.2.1.jar:/home/ahmed/.m2/repository/org/springframework/security/spring-security-crypto/6.2.1/spring-security-crypto-6.2.1.jar:/home/ahmed/.m2/repository/org/springframework/security/spring-security-web/6.2.1/spring-security-web-6.2.1.jar:/home/ahmed/.m2/repository/org/springframework/spring-expression/6.1.2/spring-expression-6.1.2.jar:/home/ahmed/.m2/repository/org/springframework/boot/spring-boot-starter-web/3.2.1/spring-boot-starter-web-3.2.1.jar:/home/ahmed/.m2/repository/org/springframework/boot/spring-boot-starter-json/3.2.1/spring-boot-starter-json-3.2.1.jar:/home/ahmed/.m2/repository/com/fasterxml/jackson/core/jackson-databind/2.15.3/jackson-databind-2.15.3.jar:/home/ahmed/.m2/repository/com/fasterxml/jackson/core/jackson-annotations/2.15.3/jackson-annotations-2.15.3.jar:/home/ahmed/.m2/repository/com/fasterxml/jackson/core/jackson-core/2.15.3/jackson-core-2.15.3.jar:/home/ahmed/.m2/repository/com/fasterxml/jackson/datatype/jackson-datatype-jdk8/2.15.3/jackson-datatype-jdk8-2.15.3.jar:/home/ahmed/.m2/repository/com/fasterxml/jackson/datatype/jackson-datatype-jsr310/2.15.3/jackson-datatype-jsr310-2.15.3.jar:/home/ahmed/.m2/repository/com/fasterxml/jackson/module/jackson-module-parameter-names/2.15.3/jackson-module-parameter-names-2.15.3.jar:/home/ahmed/.m2/repository/org/springframework/boot/spring-boot-starter-tomcat/3.2.1/spring-boot-starter-tomcat-3.2.1.jar:/home/ahmed/.m2/repository/org/apache/tomcat/embed/tomcat-embed-core/10.1.17/tomcat-embed-core-10.1.17.jar:/home/ahmed/.m2/repository/org/apache/tomcat/embed/tomcat-embed-el/10.1.17/tomcat-embed-el-10.1.17.jar:/home/ahmed/.m2/repository/org/apache/tomcat/embed/tomcat-embed-websocket/10.1.17/tomcat-embed-websocket-10.1.17.jar:/home/ahmed/.m2/repository/org/springframework/spring-web/6.1.2/spring-web-6.1.2.jar:/home/ahmed/.m2/repository/io/micrometer/micrometer-observation/1.12.1/micrometer-observation-1.12.1.jar:/home/ahmed/.m2/repository/io/micrometer/micrometer-commons/1.12.1/micrometer-commons-1.12.1.jar:/home/ahmed/.m2/repository/org/springframework/spring-webmvc/6.1.2/spring-webmvc-6.1.2.jar:/home/ahmed/.m2/repository/com/mysql/mysql-connector-j/8.1.0/mysql-connector-j-8.1.0.jar:/home/ahmed/.m2/repository/org/projectlombok/lombok/1.18.30/lombok-1.18.30.jar:/home/ahmed/.m2/repository/javax/validation/validation-api/2.0.1.Final/validation-api-2.0.1.Final.jar:/home/ahmed/.m2/repository/org/springframework/boot/spring-boot-starter-test/3.2.1/spring-boot-starter-test-3.2.1.jar:/home/ahmed/.m2/repository/org/springframework/boot/spring-boot-test/3.2.1/spring-boot-test-3.2.1.jar:/home/ahmed/.m2/repository/org/springframework/boot/spring-boot-test-autoconfigure/3.2.1/spring-boot-test-autoconfigure-3.2.1.jar:/home/ahmed/.m2/repository/com/jayway/jsonpath/json-path/2.8.0/json-path-2.8.0.jar:/home/ahmed/.m2/repository/jakarta/xml/bind/jakarta.xml.bind-api/4.0.1/jakarta.xml.bind-api-4.0.1.jar:/home/ahmed/.m2/repository/jakarta/activation/jakarta.activation-api/2.1.2/jakarta.activation-api-2.1.2.jar:/home/ahmed/.m2/repository/net/minidev/json-smart/2.5.0/json-smart-2.5.0.jar:/home/ahmed/.m2/repository/net/minidev/accessors-smart/2.5.0/accessors-smart-2.5.0.jar:/home/ahmed/.m2/repository/org/ow2/asm/asm/9.3/asm-9.3.jar:/home/ahmed/.m2/repository/org/assertj/assertj-core/3.24.2/assertj-core-3.24.2.jar:/home/ahmed/.m2/repository/org/awaitility/awaitility/4.2.0/awaitility-4.2.0.jar:/home/ahmed/.m2/repository/org/hamcrest/hamcrest/2.2/hamcrest-2.2.jar:/home/ahmed/.m2/repository/org/junit/jupiter/junit-jupiter/5.10.1/junit-jupiter-5.10.1.jar:/home/ahmed/.m2/repository/org/junit/jupiter/junit-jupiter-api/5.10.1/junit-jupiter-api-5.10.1.jar:/home/ahmed/.m2/repository/org/opentest4j/opentest4j/1.3.0/opentest4j-1.3.0.jar:/home/ahmed/.m2/repository/org/junit/platform/junit-platform-commons/1.10.1/junit-platform-commons-1.10.1.jar:/home/ahmed/.m2/repository/org/apiguardian/apiguardian-api/1.1.2/apiguardian-api-1.1.2.jar:/home/ahmed/.m2/repository/org/junit/jupiter/junit-jupiter-params/5.10.1/junit-jupiter-params-5.10.1.jar:/home/ahmed/.m2/repository/org/junit/jupiter/junit-jupiter-engine/5.10.1/junit-jupiter-engine-5.10.1.jar:/home/ahmed/.m2/repository/org/junit/platform/junit-platform-engine/1.10.1/junit-platform-engine-1.10.1.jar:/home/ahmed/.m2/repository/org/mockito/mockito-core/5.7.0/mockito-core-5.7.0.jar:/home/ahmed/.m2/repository/net/bytebuddy/byte-buddy-agent/1.14.10/byte-buddy-agent-1.14.10.jar:/home/ahmed/.m2/repository/org/objenesis/objenesis/3.3/objenesis-3.3.jar:/home/ahmed/.m2/repository/org/mockito/mockito-junit-jupiter/5.7.0/mockito-junit-jupiter-5.7.0.jar:/home/ahmed/.m2/repository/org/skyscreamer/jsonassert/1.5.1/jsonassert-1.5.1.jar:/home/ahmed/.m2/repository/com/vaadin/external/google/android-json/0.0.20131108.vaadin1/android-json-0.0.20131108.vaadin1.jar:/home/ahmed/.m2/repository/org/springframework/spring-core/6.1.2/spring-core-6.1.2.jar:/home/ahmed/.m2/repository/org/springframework/spring-jcl/6.1.2/spring-jcl-6.1.2.jar:/home/ahmed/.m2/repository/org/springframework/spring-test/6.1.2/spring-test-6.1.2.jar:/home/ahmed/.m2/repository/org/xmlunit/xmlunit-core/2.9.1/xmlunit-core-2.9.1.jar:/home/ahmed/.m2/repository/jakarta/validation/jakarta.validation-api/3.0.0/jakarta.validation-api-3.0.0.jar:/home/ahmed/.m2/repository/org/hibernate/validator/hibernate-validator/7.0.1.Final/hibernate-validator-7.0.1.Final.jar:/home/ahmed/.m2/repository/org/jboss/logging/jboss-logging/3.5.3.Final/jboss-logging-3.5.3.Final.jar:/home/ahmed/.m2/repository/com/fasterxml/classmate/1.6.0/classmate-1.6.0.jar:/home/ahmed/.m2/repository/org/hamcrest/hamcrest-all/1.3/hamcrest-all-1.3.jar:"/>
    <property name="java.vm.vendor" value="Private Build"/>
    <property name="sun.arch.data.model" value="64"/>
    <property name="java.vendor.url" value="Unknown"/>
    <property name="user.timezone" value="Europe/Paris"/>
    <property name="org.jboss.logging.provider" value="slf4j"/>
    <property name="os.name" value="Linux"/>
    <property name="java.vm.specification.version" value="17"/>
    <property name="sun.java.launcher" value="SUN_STANDARD"/>
    <property name="user.country" value="US"/>
    <property name="sun.boot.library.path" value="/usr/lib/jvm/java-17-openjdk-amd64/lib"/>
    <property name="sun.java.command" value="/home/ahmed/Desktop/Projects/MaterialManagement/GestionMaterielBackEnd/target/surefire/surefirebooter-20240211164009308_3.jar /home/ahmed/Desktop/Projects/MaterialManagement/GestionMaterielBackEnd/target/surefire 2024-02-11T16-40-09_219-jvmRun1 surefire-20240211164009308_1tmp surefire_0-20240211164009308_2tmp"/>
    <property name="jdk.debug" value="release"/>
    <property name="surefire.test.class.path" value="/home/ahmed/Desktop/Projects/MaterialManagement/GestionMaterielBackEnd/target/test-classes:/home/ahmed/Desktop/Projects/MaterialManagement/GestionMaterielBackEnd/target/classes:/home/ahmed/.m2/repository/org/springframework/boot/spring-boot-starter-data-jpa/3.2.1/spring-boot-starter-data-jpa-3.2.1.jar:/home/ahmed/.m2/repository/org/springframework/boot/spring-boot-starter-aop/3.2.1/spring-boot-starter-aop-3.2.1.jar:/home/ahmed/.m2/repository/org/aspectj/aspectjweaver/1.9.21/aspectjweaver-1.9.21.jar:/home/ahmed/.m2/repository/org/springframework/boot/spring-boot-starter-jdbc/3.2.1/spring-boot-starter-jdbc-3.2.1.jar:/home/ahmed/.m2/repository/com/zaxxer/HikariCP/5.0.1/HikariCP-5.0.1.jar:/home/ahmed/.m2/repository/org/springframework/spring-jdbc/6.1.2/spring-jdbc-6.1.2.jar:/home/ahmed/.m2/repository/org/hibernate/orm/hibernate-core/6.4.1.Final/hibernate-core-6.4.1.Final.jar:/home/ahmed/.m2/repository/jakarta/persistence/jakarta.persistence-api/3.1.0/jakarta.persistence-api-3.1.0.jar:/home/ahmed/.m2/repository/jakarta/transaction/jakarta.transaction-api/2.0.1/jakarta.transaction-api-2.0.1.jar:/home/ahmed/.m2/repository/org/hibernate/common/hibernate-commons-annotations/6.0.6.Final/hibernate-commons-annotations-6.0.6.Final.jar:/home/ahmed/.m2/repository/io/smallrye/jandex/3.1.2/jandex-3.1.2.jar:/home/ahmed/.m2/repository/net/bytebuddy/byte-buddy/1.14.10/byte-buddy-1.14.10.jar:/home/ahmed/.m2/repository/org/glassfish/jaxb/jaxb-runtime/4.0.4/jaxb-runtime-4.0.4.jar:/home/ahmed/.m2/repository/org/glassfish/jaxb/jaxb-core/4.0.4/jaxb-core-4.0.4.jar:/home/ahmed/.m2/repository/org/eclipse/angus/angus-activation/2.0.1/angus-activation-2.0.1.jar:/home/ahmed/.m2/repository/org/glassfish/jaxb/txw2/4.0.4/txw2-4.0.4.jar:/home/ahmed/.m2/repository/com/sun/istack/istack-commons-runtime/4.1.2/istack-commons-runtime-4.1.2.jar:/home/ahmed/.m2/repository/jakarta/inject/jakarta.inject-api/2.0.1/jakarta.inject-api-2.0.1.jar:/home/ahmed/.m2/repository/org/antlr/antlr4-runtime/4.13.0/antlr4-runtime-4.13.0.jar:/home/ahmed/.m2/repository/org/springframework/data/spring-data-jpa/3.2.1/spring-data-jpa-3.2.1.jar:/home/ahmed/.m2/repository/org/springframework/data/spring-data-commons/3.2.1/spring-data-commons-3.2.1.jar:/home/ahmed/.m2/repository/org/springframework/spring-orm/6.1.2/spring-orm-6.1.2.jar:/home/ahmed/.m2/repository/org/springframework/spring-context/6.1.2/spring-context-6.1.2.jar:/home/ahmed/.m2/repository/org/springframework/spring-tx/6.1.2/spring-tx-6.1.2.jar:/home/ahmed/.m2/repository/org/springframework/spring-beans/6.1.2/spring-beans-6.1.2.jar:/home/ahmed/.m2/repository/jakarta/annotation/jakarta.annotation-api/2.1.1/jakarta.annotation-api-2.1.1.jar:/home/ahmed/.m2/repository/org/slf4j/slf4j-api/2.0.9/slf4j-api-2.0.9.jar:/home/ahmed/.m2/repository/org/springframework/spring-aspects/6.1.2/spring-aspects-6.1.2.jar:/home/ahmed/.m2/repository/org/springframework/boot/spring-boot-starter-security/3.2.1/spring-boot-starter-security-3.2.1.jar:/home/ahmed/.m2/repository/org/springframework/boot/spring-boot-starter/3.2.1/spring-boot-starter-3.2.1.jar:/home/ahmed/.m2/repository/org/springframework/boot/spring-boot/3.2.1/spring-boot-3.2.1.jar:/home/ahmed/.m2/repository/org/springframework/boot/spring-boot-autoconfigure/3.2.1/spring-boot-autoconfigure-3.2.1.jar:/home/ahmed/.m2/repository/org/springframework/boot/spring-boot-starter-logging/3.2.1/spring-boot-starter-logging-3.2.1.jar:/home/ahmed/.m2/repository/ch/qos/logback/logback-classic/1.4.14/logback-classic-1.4.14.jar:/home/ahmed/.m2/repository/ch/qos/logback/logback-core/1.4.14/logback-core-1.4.14.jar:/home/ahmed/.m2/repository/org/apache/logging/log4j/log4j-to-slf4j/2.21.1/log4j-to-slf4j-2.21.1.jar:/home/ahmed/.m2/repository/org/apache/logging/log4j/log4j-api/2.21.1/log4j-api-2.21.1.jar:/home/ahmed/.m2/repository/org/slf4j/jul-to-slf4j/2.0.9/jul-to-slf4j-2.0.9.jar:/home/ahmed/.m2/repository/org/yaml/snakeyaml/2.2/snakeyaml-2.2.jar:/home/ahmed/.m2/repository/org/springframework/spring-aop/6.1.2/spring-aop-6.1.2.jar:/home/ahmed/.m2/repository/org/springframework/security/spring-security-config/6.2.1/spring-security-config-6.2.1.jar:/home/ahmed/.m2/repository/org/springframework/security/spring-security-core/6.2.1/spring-security-core-6.2.1.jar:/home/ahmed/.m2/repository/org/springframework/security/spring-security-crypto/6.2.1/spring-security-crypto-6.2.1.jar:/home/ahmed/.m2/repository/org/springframework/security/spring-security-web/6.2.1/spring-security-web-6.2.1.jar:/home/ahmed/.m2/repository/org/springframework/spring-expression/6.1.2/spring-expression-6.1.2.jar:/home/ahmed/.m2/repository/org/springframework/boot/spring-boot-starter-web/3.2.1/spring-boot-starter-web-3.2.1.jar:/home/ahmed/.m2/repository/org/springframework/boot/spring-boot-starter-json/3.2.1/spring-boot-starter-json-3.2.1.jar:/home/ahmed/.m2/repository/com/fasterxml/jackson/core/jackson-databind/2.15.3/jackson-databind-2.15.3.jar:/home/ahmed/.m2/repository/com/fasterxml/jackson/core/jackson-annotations/2.15.3/jackson-annotations-2.15.3.jar:/home/ahmed/.m2/repository/com/fasterxml/jackson/core/jackson-core/2.15.3/jackson-core-2.15.3.jar:/home/ahmed/.m2/repository/com/fasterxml/jackson/datatype/jackson-datatype-jdk8/2.15.3/jackson-datatype-jdk8-2.15.3.jar:/home/ahmed/.m2/repository/com/fasterxml/jackson/datatype/jackson-datatype-jsr310/2.15.3/jackson-datatype-jsr310-2.15.3.jar:/home/ahmed/.m2/repository/com/fasterxml/jackson/module/jackson-module-parameter-names/2.15.3/jackson-module-parameter-names-2.15.3.jar:/home/ahmed/.m2/repository/org/springframework/boot/spring-boot-starter-tomcat/3.2.1/spring-boot-starter-tomcat-3.2.1.jar:/home/ahmed/.m2/repository/org/apache/tomcat/embed/tomcat-embed-core/10.1.17/tomcat-embed-core-10.1.17.jar:/home/ahmed/.m2/repository/org/apache/tomcat/embed/tomcat-embed-el/10.1.17/tomcat-embed-el-10.1.17.jar:/home/ahmed/.m2/repository/org/apache/tomcat/embed/tomcat-embed-websocket/10.1.17/tomcat-embed-websocket-10.1.17.jar:/home/ahmed/.m2/repository/org/springframework/spring-web/6.1.2/spring-web-6.1.2.jar:/home/ahmed/.m2/repository/io/micrometer/micrometer-observation/1.12.1/micrometer-observation-1.12.1.jar:/home/ahmed/.m2/repository/io/micrometer/micrometer-commons/1.12.1/micrometer-commons-1.12.1.jar:/home/ahmed/.m2/repository/org/springframework/spring-webmvc/6.1.2/spring-webmvc-6.1.2.jar:/home/ahmed/.m2/repository/com/mysql/mysql-connector-j/8.1.0/mysql-connector-j-8.1.0.jar:/home/ahmed/.m2/repository/org/projectlombok/lombok/1.18.30/lombok-1.18.30.jar:/home/ahmed/.m2/repository/javax/validation/validation-api/2.0.1.Final/validation-api-2.0.1.Final.jar:/home/ahmed/.m2/repository/org/springframework/boot/spring-boot-starter-test/3.2.1/spring-boot-starter-test-3.2.1.jar:/home/ahmed/.m2/repository/org/springframework/boot/spring-boot-test/3.2.1/spring-boot-test-3.2.1.jar:/home/ahmed/.m2/repository/org/springframework/boot/spring-boot-test-autoconfigure/3.2.1/spring-boot-test-autoconfigure-3.2.1.jar:/home/ahmed/.m2/repository/com/jayway/jsonpath/json-path/2.8.0/json-path-2.8.0.jar:/home/ahmed/.m2/repository/jakarta/xml/bind/jakarta.xml.bind-api/4.0.1/jakarta.xml.bind-api-4.0.1.jar:/home/ahmed/.m2/repository/jakarta/activation/jakarta.activation-api/2.1.2/jakarta.activation-api-2.1.2.jar:/home/ahmed/.m2/repository/net/minidev/json-smart/2.5.0/json-smart-2.5.0.jar:/home/ahmed/.m2/repository/net/minidev/accessors-smart/2.5.0/accessors-smart-2.5.0.jar:/home/ahmed/.m2/repository/org/ow2/asm/asm/9.3/asm-9.3.jar:/home/ahmed/.m2/repository/org/assertj/assertj-core/3.24.2/assertj-core-3.24.2.jar:/home/ahmed/.m2/repository/org/awaitility/awaitility/4.2.0/awaitility-4.2.0.jar:/home/ahmed/.m2/repository/org/hamcrest/hamcrest/2.2/hamcrest-2.2.jar:/home/ahmed/.m2/repository/org/junit/jupiter/junit-jupiter/5.10.1/junit-jupiter-5.10.1.jar:/home/ahmed/.m2/repository/org/junit/jupiter/junit-jupiter-api/5.10.1/junit-jupiter-api-5.10.1.jar:/home/ahmed/.m2/repository/org/opentest4j/opentest4j/1.3.0/opentest4j-1.3.0.jar:/home/ahmed/.m2/repository/org/junit/platform/junit-platform-commons/1.10.1/junit-platform-commons-1.10.1.jar:/home/ahmed/.m2/repository/org/apiguardian/apiguardian-api/1.1.2/apiguardian-api-1.1.2.jar:/home/ahmed/.m2/repository/org/junit/jupiter/junit-jupiter-params/5.10.1/junit-jupiter-params-5.10.1.jar:/home/ahmed/.m2/repository/org/junit/jupiter/junit-jupiter-engine/5.10.1/junit-jupiter-engine-5.10.1.jar:/home/ahmed/.m2/repository/org/junit/platform/junit-platform-engine/1.10.1/junit-platform-engine-1.10.1.jar:/home/ahmed/.m2/repository/org/mockito/mockito-core/5.7.0/mockito-core-5.7.0.jar:/home/ahmed/.m2/repository/net/bytebuddy/byte-buddy-agent/1.14.10/byte-buddy-agent-1.14.10.jar:/home/ahmed/.m2/repository/org/objenesis/objenesis/3.3/objenesis-3.3.jar:/home/ahmed/.m2/repository/org/mockito/mockito-junit-jupiter/5.7.0/mockito-junit-jupiter-5.7.0.jar:/home/ahmed/.m2/repository/org/skyscreamer/jsonassert/1.5.1/jsonassert-1.5.1.jar:/home/ahmed/.m2/repository/com/vaadin/external/google/android-json/0.0.20131108.vaadin1/android-json-0.0.20131108.vaadin1.jar:/home/ahmed/.m2/repository/org/springframework/spring-core/6.1.2/spring-core-6.1.2.jar:/home/ahmed/.m2/repository/org/springframework/spring-jcl/6.1.2/spring-jcl-6.1.2.jar:/home/ahmed/.m2/repository/org/springframework/spring-test/6.1.2/spring-test-6.1.2.jar:/home/ahmed/.m2/repository/org/xmlunit/xmlunit-core/2.9.1/xmlunit-core-2.9.1.jar:/home/ahmed/.m2/repository/jakarta/validation/jakarta.validation-api/3.0.0/jakarta.validation-api-3.0.0.jar:/home/ahmed/.m2/repository/org/hibernate/validator/hibernate-validator/7.0.1.Final/hibernate-validator-7.0.1.Final.jar:/home/ahmed/.m2/repository/org/jboss/logging/jboss-logging/3.5.3.Final/jboss-logging-3.5.3.Final.jar:/home/ahmed/.m2/repository/com/fasterxml/classmate/1.6.0/classmate-1.6.0.jar:/home/ahmed/.m2/repository/org/hamcrest/hamcrest-all/1.3/hamcrest-all-1.3.jar:"/>
    <property name="sun.cpu.endian" value="little"/>
    <property name="user.home" value="/home/ahmed"/>
    <property name="user.language" value="en"/>
    <property name="java.specification.vendor" value="Oracle Corporation"/>
    <property name="java.version.date" value="2023-10-17"/>
    <property name="java.home" value="/usr/lib/jvm/java-17-openjdk-amd64"/>
    <property name="file.separator" value="/"/>
    <property name="basedir" value="/home/ahmed/Desktop/Projects/MaterialManagement/GestionMaterielBackEnd"/>
    <property name="java.vm.compressedOopsMode" value="Zero based"/>
    <property name="line.separator" value="&#10;"/>
    <property name="java.specification.name" value="Java Platform API Specification"/>
    <property name="java.vm.specification.vendor" value="Oracle Corporation"/>
    <property name="FILE_LOG_CHARSET" value="UTF-8"/>
    <property name="java.awt.headless" value="true"/>
    <property name="surefire.real.class.path" value="/home/ahmed/Desktop/Projects/MaterialManagement/GestionMaterielBackEnd/target/surefire/surefirebooter-20240211164009308_3.jar"/>
    <property name="sun.management.compiler" value="HotSpot 64-Bit Tiered Compilers"/>
    <property name="java.runtime.version" value="17.0.9+9-Ubuntu-122.04"/>
    <property name="user.name" value="ahmed"/>
    <property name="path.separator" value=":"/>
    <property name="os.version" value="6.5.0-17-generic"/>
    <property name="java.runtime.name" value="OpenJDK Runtime Environment"/>
    <property name="file.encoding" value="UTF-8"/>
    <property name="java.vm.name" value="OpenJDK 64-Bit Server VM"/>
    <property name="localRepository" value="/home/ahmed/.m2/repository"/>
    <property name="java.vendor.url.bug" value="Unknown"/>
    <property name="java.io.tmpdir" value="/tmp"/>
    <property name="com.zaxxer.hikari.pool_number" value="1"/>
    <property name="java.version" value="17.0.9"/>
    <property name="user.dir" value="/home/ahmed/Desktop/Projects/MaterialManagement/GestionMaterielBackEnd"/>
    <property name="os.arch" value="amd64"/>
    <property name="java.vm.specification.name" value="Java Virtual Machine Specification"/>
    <property name="PID" value="871023"/>
    <property name="CONSOLE_LOG_CHARSET" value="UTF-8"/>
    <property name="native.encoding" value="UTF-8"/>
    <property name="java.library.path" value="/usr/java/packages/lib:/usr/lib/x86_64-linux-gnu/jni:/lib/x86_64-linux-gnu:/usr/lib/x86_64-linux-gnu:/usr/lib/jni:/lib:/usr/lib"/>
    <property name="java.vm.info" value="mixed mode, sharing"/>
    <property name="java.vendor" value="Private Build"/>
    <property name="java.vm.version" value="17.0.9+9-Ubuntu-122.04"/>
    <property name="sun.io.unicode.encoding" value="UnicodeLittle"/>
    <property name="java.class.version" value="61.0"/>
  </properties>
  <testcase name="testGetAllMaterielsWhenMaterielsExists" classname="com.project.controllers.MaterielControllerTest" time="0.015">
    <system-out><![CDATA[2024-02-11T16:40:13.571+01:00  INFO 871023 --- [           main] t.c.s.AnnotationConfigContextLoaderUtils : Could not detect default configuration classes for test class [com.project.controllers.MaterielControllerTest]: MaterielControllerTest does not declare any static, non-private, non-final, nested classes annotated with @Configuration.
2024-02-11T16:40:13.577+01:00  INFO 871023 --- [           main] .b.t.c.SpringBootTestContextBootstrapper : Found @SpringBootConfiguration com.project.GestionMaterielBackEndApplication for test class com.project.controllers.MaterielControllerTest

  .   ____          _            __ _ _
 /\\ / ___'_ __ _ _(_)_ __  __ _ \ \ \ \
( ( )\___ | '_ | '_| | '_ \/ _` | \ \ \ \
 \\/  ___)| |_)| | | | | || (_| |  ) ) ) )
  '  |____| .__|_| |_|_| |_\__, | / / / /
 =========|_|==============|___/=/_/_/_/
 :: Spring Boot ::                (v3.2.1)

2024-02-11T16:40:13.621+01:00  INFO 871023 --- [           main] c.p.controllers.MaterielControllerTest   : Starting MaterielControllerTest using Java 17.0.9 with PID 871023 (started by ahmed in /home/ahmed/Desktop/Projects/MaterialManagement/GestionMaterielBackEnd)
2024-02-11T16:40:13.621+01:00  INFO 871023 --- [           main] c.p.controllers.MaterielControllerTest   : No active profile set, falling back to 1 default profile: "default"
2024-02-11T16:40:14.063+01:00  INFO 871023 --- [           main] .s.d.r.c.RepositoryConfigurationDelegate : Bootstrapping Spring Data JPA repositories in DEFAULT mode.
2024-02-11T16:40:14.128+01:00  INFO 871023 --- [           main] .s.d.r.c.RepositoryConfigurationDelegate : Finished Spring Data repository scanning in 54 ms. Found 3 JPA repository interfaces.
2024-02-11T16:40:14.445+01:00  INFO 871023 --- [           main] o.hibernate.jpa.internal.util.LogHelper  : HHH000204: Processing PersistenceUnitInfo [name: default]
2024-02-11T16:40:14.483+01:00  INFO 871023 --- [           main] org.hibernate.Version                    : HHH000412: Hibernate ORM core version 6.4.1.Final
2024-02-11T16:40:14.511+01:00  INFO 871023 --- [           main] o.h.c.internal.RegionFactoryInitiator    : HHH000026: Second-level cache disabled
2024-02-11T16:40:14.606+01:00  INFO 871023 --- [           main] o.s.o.j.p.SpringPersistenceUnitInfo      : No LoadTimeWeaver setup: ignoring JPA class transformer
2024-02-11T16:40:14.643+01:00  INFO 871023 --- [           main] com.zaxxer.hikari.HikariDataSource       : HikariPool-1 - Starting...
2024-02-11T16:40:14.973+01:00  INFO 871023 --- [           main] com.zaxxer.hikari.pool.HikariPool        : HikariPool-1 - Added connection com.mysql.cj.jdbc.ConnectionImpl@22a2e581
2024-02-11T16:40:14.975+01:00  INFO 871023 --- [           main] com.zaxxer.hikari.HikariDataSource       : HikariPool-1 - Start completed.
2024-02-11T16:40:15.806+01:00  INFO 871023 --- [           main] o.h.e.t.j.p.i.JtaPlatformInitiator       : HHH000489: No JTA platform available (set 'hibernate.transaction.jta.platform' to enable JTA platform integration)
2024-02-11T16:40:15.865+01:00  INFO 871023 --- [           main] j.LocalContainerEntityManagerFactoryBean : Initialized JPA EntityManagerFactory for persistence unit 'default'
2024-02-11T16:40:16.193+01:00  WARN 871023 --- [           main] .s.s.UserDetailsServiceAutoConfiguration : 

Using generated security password: a9011cb8-815f-4821-a1ce-4cabebdbe060

This generated password is for development use only. Your security configuration must be updated before running your application in production.

2024-02-11T16:40:16.257+01:00  INFO 871023 --- [           main] o.s.s.web.DefaultSecurityFilterChain     : Will secure any request with [org.springframework.security.web.session.DisableEncodeUrlFilter@5e59844f, org.springframework.security.web.context.request.async.WebAsyncManagerIntegrationFilter@28cfbcc, org.springframework.security.web.context.SecurityContextHolderFilter@27d9a016, org.springframework.security.web.header.HeaderWriterFilter@20fdf45a, org.springframework.web.filter.CorsFilter@67bf393c, org.springframework.security.web.authentication.logout.LogoutFilter@5aa0d535, org.springframework.security.web.savedrequest.RequestCacheAwareFilter@68c9cf93, org.springframework.security.web.servletapi.SecurityContextHolderAwareRequestFilter@2715b3ea, org.springframework.security.web.authentication.AnonymousAuthenticationFilter@b31cd6b, org.springframework.security.web.session.SessionManagementFilter@3bb59485, org.springframework.security.web.access.ExceptionTranslationFilter@736de3b6, org.springframework.security.web.access.intercept.AuthorizationFilter@76334a3a]
2024-02-11T16:40:16.400+01:00  INFO 871023 --- [           main] c.p.controllers.MaterielControllerTest   : Started MaterielControllerTest in 2.813 seconds (process running for 7.034)
Hibernate: select count(*) from utilisateur u1_0
]]></system-out>
  </testcase>
  <testcase name="testAddMaterielWithValidData" classname="com.project.controllers.MaterielControllerTest" time="0.006"/>
  <testcase name="testUpdateMaterielWhenMaterielDoNotExist" classname="com.project.controllers.MaterielControllerTest" time="0.007"/>
  <testcase name="testGetAllMaterielsPaginationWhenMaterialsDoNotExist" classname="com.project.controllers.MaterielControllerTest" time="0.003"/>
  <testcase name="testDeleteMaterielWhenMaterielExist" classname="com.project.controllers.MaterielControllerTest" time="0.002"/>
  <testcase name="testGetMaterielWhenMaterielDoNotExist" classname="com.project.controllers.MaterielControllerTest" time="0.004"/>
  <testcase name="testUpdateMaterielWithInvalidData" classname="com.project.controllers.MaterielControllerTest" time="0.005"/>
  <testcase name="testGetAllMaterielsPaginationWhenMaterialsExist" classname="com.project.controllers.MaterielControllerTest" time="0.004"/>
  <testcase name="testGetAllMaterielsWhenMaterielsDoNotExist" classname="com.project.controllers.MaterielControllerTest" time="0.003"/>
  <testcase name="testUpdateMaterielWhenMaterielWasUpdated" classname="com.project.controllers.MaterielControllerTest" time="0.003"/>
  <testcase name="testGetMaterielWhenMaterielExists" classname="com.project.controllers.MaterielControllerTest" time="0.003"/>
  <testcase name="testDeleteMaterielWhenMaterielDoNotExist" classname="com.project.controllers.MaterielControllerTest" time="0.003"/>
  <testcase name="testAddMaterielWithInvalidData" classname="com.project.controllers.MaterielControllerTest" time="0.004"/>
</testsuite>